!SESSION 2024-09-05 15:33:49.798 -----------------------------------------------
eclipse.buildId=4.21.0.I20210906-0500
java.version=1.8.0_332
java.vendor=ojdkbuild
BootLoader constants: OS=win32, ARCH=x86_64, WS=win32, NL=ko_KR
Framework arguments:  -product org.eclipse.epp.package.jee.product
Command-line arguments:  -os win32 -ws win32 -arch x86_64 -product org.eclipse.epp.package.jee.product

This is a continuation of log file C:\dev\eclipse\configuration\1725518030062.bak_7.log
Created Time: 2024-09-05 15:33:54.725

!ENTRY org.eclipse.wst.xml.core 2 0 2024-09-05 15:33:54.725
!MESSAGE Could not resolve module: org.eclipse.wst.xml.core [884]
  Unresolved requirement: Require-Bundle: org.eclipse.core.runtime; bundle-version="[3.14.0,4.0.0)"
    -> Bundle-SymbolicName: org.eclipse.core.runtime; bundle-version="3.23.0.v20210730-2035"; singleton:="true"
       org.eclipse.core.runtime [147]
         Unresolved requirement: Require-Capability: osgi.ee; filter:="(&(osgi.ee=JavaSE)(version=11))"
         Unresolved requirement: Require-Bundle: org.eclipse.equinox.preferences; bundle-version="[3.7.0,4.0.0)"; visibility:="reexport"
           -> Bundle-SymbolicName: org.eclipse.equinox.preferences; bundle-version="3.9.0.v20210726-0943"; singleton:="true"
              org.eclipse.equinox.preferences [403]
                Unresolved requirement: Require-Bundle: org.eclipse.equinox.common; bundle-version="[3.2.0,4.0.0)"
                  -> Bundle-SymbolicName: org.eclipse.equinox.common; bundle-version="3.15.0.v20210518-0604"; singleton:="true"
                     org.eclipse.equinox.common [360]
                       Unresolved requirement: Require-Capability: osgi.ee; filter:="(&(osgi.ee=JavaSE)(version=11))"
         Unresolved requirement: Require-Bundle: org.eclipse.equinox.app; bundle-version="1.3.0"; visibility:="reexport"
           -> Bundle-SymbolicName: org.eclipse.equinox.app; bundle-version="1.6.0.v20210723-1130"; singleton:="true"
              org.eclipse.equinox.app [358]
                Unresolved requirement: Require-Bundle: org.eclipse.equinox.registry; bundle-version="[3.4.0,4.0.0)"
                  -> Bundle-SymbolicName: org.eclipse.equinox.registry; bundle-version="3.11.0.v20210723-1953"; singleton:="true"
                     org.eclipse.equinox.registry [404]
                       Unresolved requirement: Import-Package: org.eclipse.core.runtime.jobs; resolution:="optional"
                         -> Export-Package: org.eclipse.core.runtime.jobs; bundle-symbolic-name="org.eclipse.core.jobs"; bundle-version="3.12.0.v20210723-1034"; version="0.0.0"
                            org.eclipse.core.jobs [142]
                              Unresolved requirement: Require-Bundle: org.eclipse.equinox.common; bundle-version="[3.8.0,4.0.0)"
                                -> Bundle-SymbolicName: org.eclipse.equinox.common; bundle-version="3.15.0.v20210518-0604"; singleton:="true"
                       Unresolved requirement: Require-Bundle: org.eclipse.equinox.common; bundle-version="[3.14.0,4.0.0)"
                         -> Bundle-SymbolicName: org.eclipse.equinox.common; bundle-version="3.15.0.v20210518-0604"; singleton:="true"
         Unresolved requirement: Require-Bundle: org.eclipse.equinox.common; bundle-version="[3.14.0,4.0.0)"; visibility:="reexport"
           -> Bundle-SymbolicName: org.eclipse.equinox.common; bundle-version="3.15.0.v20210518-0604"; singleton:="true"
         Unresolved requirement: Require-Bundle: org.eclipse.core.jobs; bundle-version="[3.10.0,4.0.0)"; visibility:="reexport"
           -> Bundle-SymbolicName: org.eclipse.core.jobs; bundle-version="3.12.0.v20210723-1034"; singleton:="true"
         Unresolved requirement: Require-Bundle: org.eclipse.equinox.registry; bundle-version="[3.10.0,4.0.0)"; visibility:="reexport"
           -> Bundle-SymbolicName: org.eclipse.equinox.registry; bundle-version="3.11.0.v20210723-1953"; singleton:="true"
         Unresolved requirement: Require-Bundle: org.eclipse.core.contenttype; bundle-version="[3.7.0,4.0.0)"; visibility:="reexport"
           -> Bundle-SymbolicName: org.eclipse.core.contenttype; bundle-version="3.8.0.v20210621-0954"; singleton:="true"
              org.eclipse.core.contenttype [132]
                Unresolved requirement: Require-Bundle: org.eclipse.equinox.preferences; bundle-version="[3.2.0,4.0.0)"
                  -> Bundle-SymbolicName: org.eclipse.equinox.preferences; bundle-version="3.9.0.v20210726-0943"; singleton:="true"


!ENTRY org.eclipse.datatools.oda.cshelp 2 0 2024-09-05 15:33:54.726
!MESSAGE Could not resolve module: org.eclipse.datatools.oda.cshelp [242]
  Unresolved requirement: Require-Bundle: org.eclipse.core.runtime
    -> Bundle-SymbolicName: org.eclipse.core.runtime; bundle-version="3.23.0.v20210730-2035"; singleton:="true"
       org.eclipse.core.runtime [147]
         Unresolved requirement: Require-Capability: osgi.ee; filter:="(&(osgi.ee=JavaSE)(version=11))"
         Unresolved requirement: Require-Bundle: org.eclipse.equinox.preferences; bundle-version="[3.7.0,4.0.0)"; visibility:="reexport"
           -> Bundle-SymbolicName: org.eclipse.equinox.preferences; bundle-version="3.9.0.v20210726-0943"; singleton:="true"
              org.eclipse.equinox.preferences [403]
                Unresolved requirement: Require-Bundle: org.eclipse.equinox.common; bundle-version="[3.2.0,4.0.0)"
                  -> Bundle-SymbolicName: org.eclipse.equinox.common; bundle-version="3.15.0.v20210518-0604"; singleton:="true"
                     org.eclipse.equinox.common [360]
                       Unresolved requirement: Require-Capability: osgi.ee; filter:="(&(osgi.ee=JavaSE)(version=11))"
         Unresolved requirement: Require-Bundle: org.eclipse.equinox.app; bundle-version="1.3.0"; visibility:="reexport"
           -> Bundle-SymbolicName: org.eclipse.equinox.app; bundle-version="1.6.0.v20210723-1130"; singleton:="true"
              org.eclipse.equinox.app [358]
                Unresolved requirement: Require-Bundle: org.eclipse.equinox.registry; bundle-version="[3.4.0,4.0.0)"
                  -> Bundle-SymbolicName: org.eclipse.equinox.registry; bundle-version="3.11.0.v20210723-1953"; singleton:="true"
                     org.eclipse.equinox.registry [404]
                       Unresolved requirement: Import-Package: org.eclipse.core.runtime.jobs; resolution:="optional"
                         -> Export-Package: org.eclipse.core.runtime.jobs; bundle-symbolic-name="org.eclipse.core.jobs"; bundle-version="3.12.0.v20210723-1034"; version="0.0.0"
                            org.eclipse.core.jobs [142]
                              Unresolved requirement: Require-Bundle: org.eclipse.equinox.common; bundle-version="[3.8.0,4.0.0)"
                                -> Bundle-SymbolicName: org.eclipse.equinox.common; bundle-version="3.15.0.v20210518-0604"; singleton:="true"
                       Unresolved requirement: Require-Bundle: org.eclipse.equinox.common; bundle-version="[3.14.0,4.0.0)"
                         -> Bundle-SymbolicName: org.eclipse.equinox.common; bundle-version="3.15.0.v20210518-0604"; singleton:="true"
         Unresolved requirement: Require-Bundle: org.eclipse.equinox.common; bundle-version="[3.14.0,4.0.0)"; visibility:="reexport"
           -> Bundle-SymbolicName: org.eclipse.equinox.common; bundle-version="3.15.0.v20210518-0604"; singleton:="true"
         Unresolved requirement: Require-Bundle: org.eclipse.core.jobs; bundle-version="[3.10.0,4.0.0)"; visibility:="reexport"
           -> Bundle-SymbolicName: org.eclipse.core.jobs; bundle-version="3.12.0.v20210723-1034"; singleton:="true"
         Unresolved requirement: Require-Bundle: org.eclipse.equinox.registry; bundle-version="[3.10.0,4.0.0)"; visibility:="reexport"
           -> Bundle-SymbolicName: org.eclipse.equinox.registry; bundle-version="3.11.0.v20210723-1953"; singleton:="true"
         Unresolved requirement: Require-Bundle: org.eclipse.core.contenttype; bundle-version="[3.7.0,4.0.0)"; visibility:="reexport"
           -> Bundle-SymbolicName: org.eclipse.core.contenttype; bundle-version="3.8.0.v20210621-0954"; singleton:="true"
              org.eclipse.core.contenttype [132]
                Unresolved requirement: Require-Bundle: org.eclipse.equinox.preferences; bundle-version="[3.2.0,4.0.0)"
                  -> Bundle-SymbolicName: org.eclipse.equinox.preferences; bundle-version="3.9.0.v20210726-0943"; singleton:="true"


!ENTRY org.eclipse.wst.xsl.launching 2 0 2024-09-05 15:33:54.727
!MESSAGE Could not resolve module: org.eclipse.wst.xsl.launching [906]
  Unresolved requirement: Require-Bundle: org.eclipse.core.runtime; bundle-version="[3.14.0,4.0.0)"
    -> Bundle-SymbolicName: org.eclipse.core.runtime; bundle-version="3.23.0.v20210730-2035"; singleton:="true"
       org.eclipse.core.runtime [147]
         Unresolved requirement: Require-Capability: osgi.ee; filter:="(&(osgi.ee=JavaSE)(version=11))"
         Unresolved requirement: Require-Bundle: org.eclipse.equinox.preferences; bundle-version="[3.7.0,4.0.0)"; visibility:="reexport"
           -> Bundle-SymbolicName: org.eclipse.equinox.preferences; bundle-version="3.9.0.v20210726-0943"; singleton:="true"
              org.eclipse.equinox.preferences [403]
                Unresolved requirement: Require-Bundle: org.eclipse.equinox.common; bundle-version="[3.2.0,4.0.0)"
                  -> Bundle-SymbolicName: org.eclipse.equinox.common; bundle-version="3.15.0.v20210518-0604"; singleton:="true"
                     org.eclipse.equinox.common [360]
                       Unresolved requirement: Require-Capability: osgi.ee; filter:="(&(osgi.ee=JavaSE)(version=11))"
         Unresolved requirement: Require-Bundle: org.eclipse.equinox.app; bundle-version="1.3.0"; visibility:="reexport"
           -> Bundle-SymbolicName: org.eclipse.equinox.app; bundle-version="1.6.0.v20210723-1130"; singleton:="true"
              org.eclipse.equinox.app [358]
                Unresolved requirement: Require-Bundle: org.eclipse.equinox.registry; bundle-version="[3.4.0,4.0.0)"
                  -> Bundle-SymbolicName: org.eclipse.equinox.registry; bundle-version="3.11.0.v20210723-1953"; singleton:="true"
                     org.eclipse.equinox.registry [404]
                       Unresolved requirement: Import-Package: org.eclipse.core.runtime.jobs; resolution:="optional"
                         -> Export-Package: org.eclipse.core.runtime.jobs; bundle-symbolic-name="org.eclipse.core.jobs"; bundle-version="3.12.0.v20210723-1034"; version="0.0.0"
                            org.eclipse.core.jobs [142]
                              Unresolved requirement: Require-Bundle: org.eclipse.equinox.common; bundle-version="[3.8.0,4.0.0)"
                                -> Bundle-SymbolicName: org.eclipse.equinox.common; bundle-version="3.15.0.v20210518-0604"; singleton:="true"
                       Unresolved requirement: Require-Bundle: org.eclipse.equinox.common; bundle-version="[3.14.0,4.0.0)"
                         -> Bundle-SymbolicName: org.eclipse.equinox.common; bundle-version="3.15.0.v20210518-0604"; singleton:="true"
         Unresolved requirement: Require-Bundle: org.eclipse.equinox.common; bundle-version="[3.14.0,4.0.0)"; visibility:="reexport"
           -> Bundle-SymbolicName: org.eclipse.equinox.common; bundle-version="3.15.0.v20210518-0604"; singleton:="true"
         Unresolved requirement: Require-Bundle: org.eclipse.core.jobs; bundle-version="[3.10.0,4.0.0)"; visibility:="reexport"
           -> Bundle-SymbolicName: org.eclipse.core.jobs; bundle-version="3.12.0.v20210723-1034"; singleton:="true"
         Unresolved requirement: Require-Bundle: org.eclipse.equinox.registry; bundle-version="[3.10.0,4.0.0)"; visibility:="reexport"
           -> Bundle-SymbolicName: org.eclipse.equinox.registry; bundle-version="3.11.0.v20210723-1953"; singleton:="true"
         Unresolved requirement: Require-Bundle: org.eclipse.core.contenttype; bundle-version="[3.7.0,4.0.0)"; visibility:="reexport"
           -> Bundle-SymbolicName: org.eclipse.core.contenttype; bundle-version="3.8.0.v20210621-0954"; singleton:="true"
              org.eclipse.core.contenttype [132]
                Unresolved requirement: Require-Bundle: org.eclipse.equinox.preferences; bundle-version="[3.2.0,4.0.0)"
                  -> Bundle-SymbolicName: org.eclipse.equinox.preferences; bundle-version="3.9.0.v20210726-0943"; singleton:="true"


!ENTRY com.vmware.vfabric.ide.eclipse.tcserver.reloading 2 0 2024-09-05 15:33:54.727
!MESSAGE Could not resolve module: com.vmware.vfabric.ide.eclipse.tcserver.reloading [28]
  Unresolved requirement: Import-Package: org.eclipse.core.runtime
    -> Export-Package: org.eclipse.core.runtime; bundle-symbolic-name="org.eclipse.core.runtime"; bundle-version="3.23.0.v20210730-2035"; version="3.7.0"
       org.eclipse.core.runtime [147]
         Unresolved requirement: Require-Capability: osgi.ee; filter:="(&(osgi.ee=JavaSE)(version=11))"
         Unresolved requirement: Require-Bundle: org.eclipse.equinox.preferences; bundle-version="[3.7.0,4.0.0)"; visibility:="reexport"
           -> Bundle-SymbolicName: org.eclipse.equinox.preferences; bundle-version="3.9.0.v20210726-0943"; singleton:="true"
              org.eclipse.equinox.preferences [403]
                Unresolved requirement: Require-Bundle: org.eclipse.equinox.common; bundle-version="[3.2.0,4.0.0)"
                  -> Bundle-SymbolicName: org.eclipse.equinox.common; bundle-version="3.15.0.v20210518-0604"; singleton:="true"
                     org.eclipse.equinox.common [360]
                       Unresolved requirement: Require-Capability: osgi.ee; filter:="(&(osgi.ee=JavaSE)(version=11))"
         Unresolved requirement: Require-Bundle: org.eclipse.equinox.app; bundle-version="1.3.0"; visibility:="reexport"
           -> Bundle-SymbolicName: org.eclipse.equinox.app; bundle-version="1.6.0.v20210723-1130"; singleton:="true"
              org.eclipse.equinox.app [358]
                Unresolved requirement: Require-Bundle: org.eclipse.equinox.registry; bundle-version="[3.4.0,4.0.0)"
                  -> Bundle-SymbolicName: org.eclipse.equinox.registry; bundle-version="3.11.0.v20210723-1953"; singleton:="true"
                     org.eclipse.equinox.registry [404]
                       Unresolved requirement: Import-Package: org.eclipse.core.runtime.jobs; resolution:="optional"
                         -> Export-Package: org.eclipse.core.runtime.jobs; bundle-symbolic-name="org.eclipse.core.jobs"; bundle-version="3.12.0.v20210723-1034"; version="0.0.0"
                            org.eclipse.core.jobs [142]
                              Unresolved requirement: Require-Bundle: org.eclipse.equinox.common; bundle-version="[3.8.0,4.0.0)"
                                -> Bundle-SymbolicName: org.eclipse.equinox.common; bundle-version="3.15.0.v20210518-0604"; singleton:="true"
                       Unresolved requirement: Require-Bundle: org.eclipse.equinox.common; bundle-version="[3.14.0,4.0.0)"
                         -> Bundle-SymbolicName: org.eclipse.equinox.common; bundle-version="3.15.0.v20210518-0604"; singleton:="true"
         Unresolved requirement: Require-Bundle: org.eclipse.equinox.common; bundle-version="[3.14.0,4.0.0)"; visibility:="reexport"
           -> Bundle-SymbolicName: org.eclipse.equinox.common; bundle-version="3.15.0.v20210518-0604"; singleton:="true"
         Unresolved requirement: Require-Bundle: org.eclipse.core.jobs; bundle-version="[3.10.0,4.0.0)"; visibility:="reexport"
           -> Bundle-SymbolicName: org.eclipse.core.jobs; bundle-version="3.12.0.v20210723-1034"; singleton:="true"
         Unresolved requirement: Require-Bundle: org.eclipse.equinox.registry; bundle-version="[3.10.0,4.0.0)"; visibility:="reexport"
           -> Bundle-SymbolicName: org.eclipse.equinox.registry; bundle-version="3.11.0.v20210723-1953"; singleton:="true"
         Unresolved requirement: Require-Bundle: org.eclipse.core.contenttype; bundle-version="[3.7.0,4.0.0)"; visibility:="reexport"
           -> Bundle-SymbolicName: org.eclipse.core.contenttype; bundle-version="3.8.0.v20210621-0954"; singleton:="true"
              org.eclipse.core.contenttype [132]
                Unresolved requirement: Require-Bundle: org.eclipse.equinox.preferences; bundle-version="[3.2.0,4.0.0)"
                  -> Bundle-SymbolicName: org.eclipse.equinox.preferences; bundle-version="3.9.0.v20210726-0943"; singleton:="true"


!ENTRY org.eclipse.equinox.p2.ui.sdk.scheduler 2 0 2024-09-05 15:33:54.728
!MESSAGE Could not resolve module: org.eclipse.equinox.p2.ui.sdk.scheduler [400]
  Unresolved requirement: Import-Package: org.eclipse.equinox.internal.p2.core.helpers
    -> Export-Package: org.eclipse.equinox.internal.p2.core.helpers; bundle-symbolic-name="org.eclipse.equinox.p2.core"; bundle-version="2.8.0.v20210618-0742"; version="0.0.0"; x-friends:="org.eclipse.equinox.frameworkadmin.test,  org.eclipse.equinox.p2.artifact.optimizers,  org.eclipse.equinox.p2.artifact.processors,  org.eclipse.equinox.p2.artifact.repository,  org.eclipse.equinox.p2.console,  org.eclipse.equinox.p2.director,  org.eclipse.equinox.p2.director.app,  org.eclipse.equinox.p2.directorywatcher,  org.eclipse.equinox.p2.download,  org.eclipse.equinox.p2.engine,  org.eclipse.equinox.p2.extensionlocation,  org.eclipse.equinox.p2.garbagecollector,  org.eclipse.equinox.p2.installer,  org.eclipse.equinox.p2.metadata,  org.eclipse.equinox.p2.metadata.repository,  org.eclipse.equinox.p2.operations,  org.eclipse.equinox.p2.publisher,  org.eclipse.equinox.p2.publisher.eclipse,  org.eclipse.equinox.p2.reconciler.dropins,  org.eclipse.equinox.p2.repository,  org.eclipse.equinox.p2.repository.tools,  org.eclipse.equinox.p2.repositoryoptimizer,  org.eclipse.equinox.p2.touchpoint.eclipse,  org.eclipse.equinox.p2.touchpoint.natives,  org.eclipse.equinox.p2.ui,  org.eclipse.equinox.p2.ui.admin,  org.eclipse.equinox.p2.ui.sdk,  org.eclipse.equinox.p2.ui.sdk.scheduler,  org.eclipse.equinox.p2.updatechecker,  org.eclipse.equinox.p2.updatechecker.app,  org.eclipse.equinox.p2.updatesite,  org.eclipse.equinox.p2.transport.ecf,  org.eclipse.equinox.p2.discovery.compatibility,  org.eclipse.equinox.p2.ui.discovery,  org.eclipse.equinox.p2.discovery"
       org.eclipse.equinox.p2.core [375]
         Unresolved requirement: Require-Bundle: org.eclipse.equinox.common; bundle-version="[3.5.0,4.0.0)"
           -> Bundle-SymbolicName: org.eclipse.equinox.common; bundle-version="3.15.0.v20210518-0604"; singleton:="true"
              org.eclipse.equinox.common [360]
                Unresolved requirement: Require-Capability: osgi.ee; filter:="(&(osgi.ee=JavaSE)(version=11))"


!ENTRY org.eclipse.datatools.sqltools.plan 2 0 2024-09-05 15:33:54.728
!MESSAGE Could not resolve module: org.eclipse.datatools.sqltools.plan [262]
  Unresolved requirement: Require-Bundle: org.eclipse.ui
    -> Bundle-SymbolicName: org.eclipse.ui; bundle-version="3.119.100.v20210830-0942"; singleton:="true"
       org.eclipse.ui [783]
         Unresolved requirement: Require-Bundle: org.eclipse.core.runtime; bundle-version="[3.2.0,4.0.0)"
           -> Bundle-SymbolicName: org.eclipse.core.runtime; bundle-version="3.23.0.v20210730-2035"; singleton:="true"
              org.eclipse.core.runtime [147]
                Unresolved requirement: Require-Capability: osgi.ee; filter:="(&(osgi.ee=JavaSE)(version=11))"
                Unresolved requirement: Require-Bundle: org.eclipse.equinox.preferences; bundle-version="[3.7.0,4.0.0)"; visibility:="reexport"
                  -> Bundle-SymbolicName: org.eclipse.equinox.preferences; bundle-version="3.9.0.v20210726-0943"; singleton:="true"
                     org.eclipse.equinox.preferences [403]
                       Unresolved requirement: Require-Bundle: org.eclipse.equinox.common; bundle-version="[3.2.0,4.0.0)"
                         -> Bundle-SymbolicName: org.eclipse.equinox.common; bundle-version="3.15.0.v20210518-0604"; singleton:="true"
                            org.eclipse.equinox.common [360]
                              Unresolved requirement: Require-Capability: osgi.ee; filter:="(&(osgi.ee=JavaSE)(version=11))"
                Unresolved requirement: Require-Bundle: org.eclipse.equinox.app; bundle-version="1.3.0"; visibility:="reexport"
                  -> Bundle-SymbolicName: org.eclipse.equinox.app; bundle-version="1.6.0.v20210723-1130"; singleton:="true"
                     org.eclipse.equinox.app [358]
                       Unresolved requirement: Require-Bundle: org.eclipse.equinox.registry; bundle-version="[3.4.0,4.0.0)"
                         -> Bundle-SymbolicName: org.eclipse.equinox.registry; bundle-version="3.11.0.v20210723-1953"; singleton:="true"
                            org.eclipse.equinox.registry [404]
                              Unresolved requirement: Import-Package: org.eclipse.core.runtime.jobs; resolution:="optional"
                                -> Export-Package: org.eclipse.core.runtime.jobs; bundle-symbolic-name="org.eclipse.core.jobs"; bundle-version="3.12.0.v20210723-1034"; version="0.0.0"
                                   org.eclipse.core.jobs [142]
                                     Unresolved requirement: Require-Bundle: org.eclipse.equinox.common; bundle-version="[3.8.0,4.0.0)"
                                       -> Bundle-SymbolicName: org.eclipse.equinox.common; bundle-version="3.15.0.v20210518-0604"; singleton:="true"
                              Unresolved requirement: Require-Bundle: org.eclipse.equinox.common; bundle-version="[3.14.0,4.0.0)"
                                -> Bundle-SymbolicName: org.eclipse.equinox.common; bundle-version="3.15.0.v20210518-0604"; singleton:="true"
                Unresolved requirement: Require-Bundle: org.eclipse.equinox.common; bundle-version="[3.14.0,4.0.0)"; visibility:="reexport"
                  -> Bundle-SymbolicName: org.eclipse.equinox.common; bundle-version="3.15.0.v20210518-0604"; singleton:="true"
                Unresolved requirement: Require-Bundle: org.eclipse.core.jobs; bundle-version="[3.10.0,4.0.0)"; visibility:="reexport"
                  -> Bundle-SymbolicName: org.eclipse.core.jobs; bundle-version="3.12.0.v20210723-1034"; singleton:="true"
                Unresolved requirement: Require-Bundle: org.eclipse.equinox.registry; bundle-version="[3.10.0,4.0.0)"; visibility:="reexport"
                  -> Bundle-SymbolicName: org.eclipse.equinox.registry; bundle-version="3.11.0.v20210723-1953"; singleton:="true"
                Unresolved requirement: Require-Bundle: org.eclipse.core.contenttype; bundle-version="[3.7.0,4.0.0)"; visibility:="reexport"
                  -> Bundle-SymbolicName: org.eclipse.core.contenttype; bundle-version="3.8.0.v20210621-0954"; singleton:="true"
                     org.eclipse.core.contenttype [132]
                       Unresolved requirement: Require-Bundle: org.eclipse.equinox.preferences; bundle-version="[3.2.0,4.0.0)"
                         -> Bundle-SymbolicName: org.eclipse.equinox.preferences; bundle-version="3.9.0.v20210726-0943"; singleton:="true"


!ENTRY org.eclipse.core.filesystem 2 0 2024-09-05 15:33:54.729
!MESSAGE Could not resolve module: org.eclipse.core.filesystem [140]
  Unresolved requirement: Require-Bundle: org.eclipse.equinox.common; bundle-version="[3.2.0,4.0.0)"
    -> Bundle-SymbolicName: org.eclipse.equinox.common; bundle-version="3.15.0.v20210518-0604"; singleton:="true"
       org.eclipse.equinox.common [360]
         Unresolved requirement: Require-Capability: osgi.ee; filter:="(&(osgi.ee=JavaSE)(version=11))"


!ENTRY org.eclipse.tm.terminal.view.core 2 0 2024-09-05 15:33:54.729
!MESSAGE Could not resolve module: org.eclipse.tm.terminal.view.core [776]
  Unresolved requirement: Require-Bundle: org.eclipse.core.expressions; bundle-version="3.4.400"
    -> Bundle-SymbolicName: org.eclipse.core.expressions; bundle-version="3.8.0.v20210723-1034"; singleton:="true"
       org.eclipse.core.expressions [137]
         Unresolved requirement: Require-Bundle: org.eclipse.core.runtime; bundle-version="[3.3.0,4.0.0)"
           -> Bundle-SymbolicName: org.eclipse.core.runtime; bundle-version="3.23.0.v20210730-2035"; singleton:="true"
              org.eclipse.core.runtime [147]
                Unresolved requirement: Require-Capability: osgi.ee; filter:="(&(osgi.ee=JavaSE)(version=11))"
                Unresolved requirement: Require-Bundle: org.eclipse.equinox.preferences; bundle-version="[3.7.0,4.0.0)"; visibility:="reexport"
                  -> Bundle-SymbolicName: org.eclipse.equinox.preferences; bundle-version="3.9.0.v20210726-0943"; singleton:="true"
                     org.eclipse.equinox.preferences [403]
                       Unresolved requirement: Require-Bundle: org.eclipse.equinox.common; bundle-version="[3.2.0,4.0.0)"
                         -> Bundle-SymbolicName: org.eclipse.equinox.common; bundle-version="3.15.0.v20210518-0604"; singleton:="true"
                            org.eclipse.equinox.common [360]
                              Unresolved requirement: Require-Capability: osgi.ee; filter:="(&(osgi.ee=JavaSE)(version=11))"
                Unresolved requirement: Require-Bundle: org.eclipse.equinox.app; bundle-version="1.3.0"; visibility:="reexport"
                  -> Bundle-SymbolicName: org.eclipse.equinox.app; bundle-version="1.6.0.v20210723-1130"; singleton:="true"
                     org.eclipse.equinox.app [358]
                       Unresolved requirement: Require-Bundle: org.eclipse.equinox.registry; bundle-version="[3.4.0,4.0.0)"
                         -> Bundle-SymbolicName: org.eclipse.equinox.registry; bundle-version="3.11.0.v20210723-1953"; singleton:="true"
                            org.eclipse.equinox.registry [404]
                              Unresolved requirement: Import-Package: org.eclipse.core.runtime.jobs; resolution:="optional"
                                -> Export-Package: org.eclipse.core.runtime.jobs; bundle-symbolic-name="org.eclipse.core.jobs"; bundle-version="3.12.0.v20210723-1034"; version="0.0.0"
                                   org.eclipse.core.jobs [142]
                                     Unresolved requirement: Require-Bundle: org.eclipse.equinox.common; bundle-version="[3.8.0,4.0.0)"
                                       -> Bundle-SymbolicName: org.eclipse.equinox.common; bundle-version="3.15.0.v20210518-0604"; singleton:="true"
                              Unresolved requirement: Require-Bundle: org.eclipse.equinox.common; bundle-version="[3.14.0,4.0.0)"
                                -> Bundle-SymbolicName: org.eclipse.equinox.common; bundle-version="3.15.0.v20210518-0604"; singleton:="true"
                Unresolved requirement: Require-Bundle: org.eclipse.equinox.common; bundle-version="[3.14.0,4.0.0)"; visibility:="reexport"
                  -> Bundle-SymbolicName: org.eclipse.equinox.common; bundle-version="3.15.0.v20210518-0604"; singleton:="true"
                Unresolved requirement: Require-Bundle: org.eclipse.core.jobs; bundle-version="[3.10.0,4.0.0)"; visibility:="reexport"
                  -> Bundle-SymbolicName: org.eclipse.core.jobs; bundle-version="3.12.0.v20210723-1034"; singleton:="true"
                Unresolved requirement: Require-Bundle: org.eclipse.equinox.registry; bundle-version="[3.10.0,4.0.0)"; visibility:="reexport"
                  -> Bundle-SymbolicName: org.eclipse.equinox.registry; bundle-version="3.11.0.v20210723-1953"; singleton:="true"
                Unresolved requirement: Require-Bundle: org.eclipse.core.contenttype; bundle-version="[3.7.0,4.0.0)"; visibility:="reexport"
                  -> Bundle-SymbolicName: org.eclipse.core.contenttype; bundle-version="3.8.0.v20210621-0954"; singleton:="true"
                     org.eclipse.core.contenttype [132]
                       Unresolved requirement: Require-Bundle: org.eclipse.equinox.preferences; bundle-version="[3.2.0,4.0.0)"
                         -> Bundle-SymbolicName: org.eclipse.equinox.preferences; bundle-version="3.9.0.v20210726-0943"; singleton:="true"


!ENTRY org.eclipse.wildwebdeveloper.xml 2 0 2024-09-05 15:33:54.730
!MESSAGE Could not resolve module: org.eclipse.wildwebdeveloper.xml [816]
  Unresolved requirement: Require-Bundle: org.eclipse.tm4e.registry; bundle-version="0.3.0"
    -> Bundle-SymbolicName: org.eclipse.tm4e.registry; bundle-version="0.4.0.201911130739"; singleton:="true"
       org.eclipse.tm4e.registry [780]
         Unresolved requirement: Require-Bundle: org.eclipse.core.runtime
           -> Bundle-SymbolicName: org.eclipse.core.runtime; bundle-version="3.23.0.v20210730-2035"; singleton:="true"
              org.eclipse.core.runtime [147]
                Unresolved requirement: Require-Capability: osgi.ee; filter:="(&(osgi.ee=JavaSE)(version=11))"
                Unresolved requirement: Require-Bundle: org.eclipse.equinox.preferences; bundle-version="[3.7.0,4.0.0)"; visibility:="reexport"
                  -> Bundle-SymbolicName: org.eclipse.equinox.preferences; bundle-version="3.9.0.v20210726-0943"; singleton:="true"
                     org.eclipse.equinox.preferences [403]
                       Unresolved requirement: Require-Bundle: org.eclipse.equinox.common; bundle-version="[3.2.0,4.0.0)"
                         -> Bundle-SymbolicName: org.eclipse.equinox.common; bundle-version="3.15.0.v20210518-0604"; singleton:="true"
                            org.eclipse.equinox.common [360]
                              Unresolved requirement: Require-Capability: osgi.ee; filter:="(&(osgi.ee=JavaSE)(version=11))"
                Unresolved requirement: Require-Bundle: org.eclipse.equinox.app; bundle-version="1.3.0"; visibility:="reexport"
                  -> Bundle-SymbolicName: org.eclipse.equinox.app; bundle-version="1.6.0.v20210723-1130"; singleton:="true"
                     org.eclipse.equinox.app [358]
                       Unresolved requirement: Require-Bundle: org.eclipse.equinox.registry; bundle-version="[3.4.0,4.0.0)"
                         -> Bundle-SymbolicName: org.eclipse.equinox.registry; bundle-version="3.11.0.v20210723-1953"; singleton:="true"
                            org.eclipse.equinox.registry [404]
                              Unresolved requirement: Import-Package: org.eclipse.core.runtime.jobs; resolution:="optional"
                                -> Export-Package: org.eclipse.core.runtime.jobs; bundle-symbolic-name="org.eclipse.core.jobs"; bundle-version="3.12.0.v20210723-1034"; version="0.0.0"
                                   org.eclipse.core.jobs [142]
                                     Unresolved requirement: Require-Bundle: org.eclipse.equinox.common; bundle-version="[3.8.0,4.0.0)"
                                       -> Bundle-SymbolicName: org.eclipse.equinox.common; bundle-version="3.15.0.v20210518-0604"; singleton:="true"
                              Unresolved requirement: Require-Bundle: org.eclipse.equinox.common; bundle-version="[3.14.0,4.0.0)"
                                -> Bundle-SymbolicName: org.eclipse.equinox.common; bundle-version="3.15.0.v20210518-0604"; singleton:="true"
                Unresolved requirement: Require-Bundle: org.eclipse.equinox.common; bundle-version="[3.14.0,4.0.0)"; visibility:="reexport"
                  -> Bundle-SymbolicName: org.eclipse.equinox.common; bundle-version="3.15.0.v20210518-0604"; singleton:="true"
                Unresolved requirement: Require-Bundle: org.eclipse.core.jobs; bundle-version="[3.10.0,4.0.0)"; visibility:="reexport"
                  -> Bundle-SymbolicName: org.eclipse.core.jobs; bundle-version="3.12.0.v20210723-1034"; singleton:="true"
                Unresolved requirement: Require-Bundle: org.eclipse.equinox.registry; bundle-version="[3.10.0,4.0.0)"; visibility:="reexport"
                  -> Bundle-SymbolicName: org.eclipse.equinox.registry; bundle-version="3.11.0.v20210723-1953"; singleton:="true"
                Unresolved requirement: Require-Bundle: org.eclipse.core.contenttype; bundle-version="[3.7.0,4.0.0)"; visibility:="reexport"
                  -> Bundle-SymbolicName: org.eclipse.core.contenttype; bundle-version="3.8.0.v20210621-0954"; singleton:="true"
                     org.eclipse.core.contenttype [132]
                       Unresolved requirement: Require-Bundle: org.eclipse.equinox.preferences; bundle-version="[3.2.0,4.0.0)"
                         -> Bundle-SymbolicName: org.eclipse.equinox.preferences; bundle-version="3.9.0.v20210726-0943"; singleton:="true"


!ENTRY org.eclipse.ui.ide.application 2 0 2024-09-05 15:33:54.730
!MESSAGE Could not resolve module: org.eclipse.ui.ide.application [792]
  Unresolved requirement: Require-Bundle: org.eclipse.ui.ide; bundle-version="[3.16.0,4.0.0)"
    -> Bundle-SymbolicName: org.eclipse.ui.ide; bundle-version="3.18.300.v20210817-1731"; singleton:="true"
       org.eclipse.ui.ide [791]
         Unresolved requirement: Require-Bundle: org.eclipse.core.runtime; bundle-version="[3.18.0,4.0.0)"
           -> Bundle-SymbolicName: org.eclipse.core.runtime; bundle-version="3.23.0.v20210730-2035"; singleton:="true"
              org.eclipse.core.runtime [147]
                Unresolved requirement: Require-Capability: osgi.ee; filter:="(&(osgi.ee=JavaSE)(version=11))"
                Unresolved requirement: Require-Bundle: org.eclipse.equinox.preferences; bundle-version="[3.7.0,4.0.0)"; visibility:="reexport"
                  -> Bundle-SymbolicName: org.eclipse.equinox.preferences; bundle-version="3.9.0.v20210726-0943"; singleton:="true"
                     org.eclipse.equinox.preferences [403]
                       Unresolved requirement: Require-Bundle: org.eclipse.equinox.common; bundle-version="[3.2.0,4.0.0)"
                         -> Bundle-SymbolicName: org.eclipse.equinox.common; bundle-version="3.15.0.v20210518-0604"; singleton:="true"
                            org.eclipse.equinox.common [360]
                              Unresolved requirement: Require-Capability: osgi.ee; filter:="(&(osgi.ee=JavaSE)(version=11))"
                Unresolved requirement: Require-Bundle: org.eclipse.equinox.app; bundle-version="1.3.0"; visibility:="reexport"
                  -> Bundle-SymbolicName: org.eclipse.equinox.app; bundle-version="1.6.0.v20210723-1130"; singleton:="true"
                     org.eclipse.equinox.app [358]
                       Unresolved requirement: Require-Bundle: org.eclipse.equinox.registry; bundle-version="[3.4.0,4.0.0)"
                         -> Bundle-SymbolicName: org.eclipse.equinox.registry; bundle-version="3.11.0.v20210723-1953"; singleton:="true"
                            org.eclipse.equinox.registry [404]
                              Unresolved requirement: Import-Package: org.eclipse.core.runtime.jobs; resolution:="optional"
                                -> Export-Package: org.eclipse.core.runtime.jobs; bundle-symbolic-name="org.eclipse.core.jobs"; bundle-version="3.12.0.v20210723-1034"; version="0.0.0"
                                   org.eclipse.core.jobs [142]
                                     Unresolved requirement: Require-Bundle: org.eclipse.equinox.common; bundle-version="[3.8.0,4.0.0)"
                                       -> Bundle-SymbolicName: org.eclipse.equinox.common; bundle-version="3.15.0.v20210518-0604"; singleton:="true"
                              Unresolved requirement: Require-Bundle: org.eclipse.equinox.common; bundle-version="[3.14.0,4.0.0)"
                                -> Bundle-SymbolicName: org.eclipse.equinox.common; bundle-version="3.15.0.v20210518-0604"; singleton:="true"
                Unresolved requirement: Require-Bundle: org.eclipse.equinox.common; bundle-version="[3.14.0,4.0.0)"; visibility:="reexport"
                  -> Bundle-SymbolicName: org.eclipse.equinox.common; bundle-version="3.15.0.v20210518-0604"; singleton:="true"
                Unresolved requirement: Require-Bundle: org.eclipse.core.jobs; bundle-version="[3.10.0,4.0.0)"; visibility:="reexport"
                  -> Bundle-SymbolicName: org.eclipse.core.jobs; bundle-version="3.12.0.v20210723-1034"; singleton:="true"
                Unresolved requirement: Require-Bundle: org.eclipse.equinox.registry; bundle-version="[3.10.0,4.0.0)"; visibility:="reexport"
                  -> Bundle-SymbolicName: org.eclipse.equinox.registry; bundle-version="3.11.0.v20210723-1953"; singleton:="true"
                Unresolved requirement: Require-Bundle: org.eclipse.core.contenttype; bundle-version="[3.7.0,4.0.0)"; visibility:="reexport"
                  -> Bundle-SymbolicName: org.eclipse.core.contenttype; bundle-version="3.8.0.v20210621-0954"; singleton:="true"
                     org.eclipse.core.contenttype [132]
                       Unresolved requirement: Require-Bundle: org.eclipse.equinox.preferences; bundle-version="[3.2.0,4.0.0)"
                         -> Bundle-SymbolicName: org.eclipse.equinox.preferences; bundle-version="3.9.0.v20210726-0943"; singleton:="true"
         Unresolved requirement: Require-Bundle: org.eclipse.core.resources; bundle-version="[3.7.0,4.0.0)"; resolution:="optional"
           -> Bundle-SymbolicName: org.eclipse.core.resources; bundle-version="3.15.100.v20210818-1523"; singleton:="true"
              org.eclipse.core.resources [145]
                Unresolved requirement: Require-Bundle: org.eclipse.core.runtime; bundle-version="[3.12.0,4.0.0)"
                  -> Bundle-SymbolicName: org.eclipse.core.runtime; bundle-version="3.23.0.v20210730-2035"; singleton:="true"
                Unresolved requirement: Require-Bundle: org.eclipse.core.filesystem; bundle-version="[1.3.0,2.0.0)"
                  -> Bundle-SymbolicName: org.eclipse.core.filesystem; bundle-version="1.9.100.v20210611-0919"; singleton:="true"
                     org.eclipse.core.filesystem [140]
                       Unresolved requirement: Require-Bundle: org.eclipse.equinox.common; bundle-version="[3.2.0,4.0.0)"
                         -> Bundle-SymbolicName: org.eclipse.equinox.common; bundle-version="3.15.0.v20210518-0604"; singleton:="true"
                Unresolved requirement: Require-Bundle: org.eclipse.ant.core; bundle-version="[3.1.0,4.0.0)"; resolution:="optional"
                  -> Bundle-SymbolicName: org.eclipse.ant.core; bundle-version="3.6.100.v20210731-1643"; singleton:="true"
                     org.eclipse.ant.core [118]
                       Unresolved requirement: Require-Bundle: org.eclipse.core.variables; bundle-version="[3.1.0,4.0.0)"
                         -> Bundle-SymbolicName: org.eclipse.core.variables; bundle-version="3.5.100.v20210721-1355"; singleton:="true"
                            org.eclipse.core.variables [148]
                              Unresolved requirement: Require-Bundle: org.eclipse.core.runtime; bundle-version="[3.3.0,4.0.0)"
                                -> Bundle-SymbolicName: org.eclipse.core.runtime; bundle-version="3.23.0.v20210730-2035"; singleton:="true"
                       Unresolved requirement: Require-Bundle: org.eclipse.core.runtime; bundle-version="[3.2.0,4.0.0)"
                         -> Bundle-SymbolicName: org.eclipse.core.runtime; bundle-version="3.23.0.v20210730-2035"; singleton:="true"
                Unresolved requirement: Require-Bundle: org.eclipse.core.expressions; bundle-version="[3.2.0,4.0.0)"
                  -> Bundle-SymbolicName: org.eclipse.core.expressions; bundle-version="3.8.0.v20210723-1034"; singleton:="true"
                     org.eclipse.core.expressions [137]
                       Unresolved requirement: Require-Bundle: org.eclipse.core.runtime; bundle-version="[3.3.0,4.0.0)"
                         -> Bundle-SymbolicName: org.eclipse.core.runtime; bundle-version="3.23.0.v20210730-2035"; singleton:="true"


!ENTRY org.eclipse.wst.xsl.doc 2 0 2024-09-05 15:33:54.731
!MESSAGE Could not resolve module: org.eclipse.wst.xsl.doc [900]
  Unresolved requirement: Require-Bundle: org.eclipse.ui; bundle-version="[3.4.0,4.0.0)"
    -> Bundle-SymbolicName: org.eclipse.ui; bundle-version="3.119.100.v20210830-0942"; singleton:="true"
       org.eclipse.ui [783]
         Unresolved requirement: Require-Bundle: org.eclipse.core.runtime; bundle-version="[3.2.0,4.0.0)"
           -> Bundle-SymbolicName: org.eclipse.core.runtime; bundle-version="3.23.0.v20210730-2035"; singleton:="true"
              org.eclipse.core.runtime [147]
                Unresolved requirement: Require-Capability: osgi.ee; filter:="(&(osgi.ee=JavaSE)(version=11))"
                Unresolved requirement: Require-Bundle: org.eclipse.equinox.preferences; bundle-version="[3.7.0,4.0.0)"; visibility:="reexport"
                  -> Bundle-SymbolicName: org.eclipse.equinox.preferences; bundle-version="3.9.0.v20210726-0943"; singleton:="true"
                     org.eclipse.equinox.preferences [403]
                       Unresolved requirement: Require-Bundle: org.eclipse.equinox.common; bundle-version="[3.2.0,4.0.0)"
                         -> Bundle-SymbolicName: org.eclipse.equinox.common; bundle-version="3.15.0.v20210518-0604"; singleton:="true"
                            org.eclipse.equinox.common [360]
                              Unresolved requirement: Require-Capability: osgi.ee; filter:="(&(osgi.ee=JavaSE)(version=11))"
                Unresolved requirement: Require-Bundle: org.eclipse.equinox.app; bundle-version="1.3.0"; visibility:="reexport"
                  -> Bundle-SymbolicName: org.eclipse.equinox.app; bundle-version="1.6.0.v20210723-1130"; singleton:="true"
                     org.eclipse.equinox.app [358]
                       Unresolved requirement: Require-Bundle: org.eclipse.equinox.registry; bundle-version="[3.4.0,4.0.0)"
                         -> Bundle-SymbolicName: org.eclipse.equinox.registry; bundle-version="3.11.0.v20210723-1953"; singleton:="true"
                            org.eclipse.equinox.registry [404]
                              Unresolved requirement: Import-Package: org.eclipse.core.runtime.jobs; resolution:="optional"
                                -> Export-Package: org.eclipse.core.runtime.jobs; bundle-symbolic-name="org.eclipse.core.jobs"; bundle-version="3.12.0.v20210723-1034"; version="0.0.0"
                                   org.eclipse.core.jobs [142]
                                     Unresolved requirement: Require-Bundle: org.eclipse.equinox.common; bundle-version="[3.8.0,4.0.0)"
                                       -> Bundle-SymbolicName: org.eclipse.equinox.common; bundle-version="3.15.0.v20210518-0604"; singleton:="true"
                              Unresolved requirement: Require-Bundle: org.eclipse.equinox.common; bundle-version="[3.14.0,4.0.0)"
                                -> Bundle-SymbolicName: org.eclipse.equinox.common; bundle-version="3.15.0.v20210518-0604"; singleton:="true"
                Unresolved requirement: Require-Bundle: org.eclipse.equinox.common; bundle-version="[3.14.0,4.0.0)"; visibility:="reexport"
                  -> Bundle-SymbolicName: org.eclipse.equinox.common; bundle-version="3.15.0.v20210518-0604"; singleton:="true"
                Unresolved requirement: Require-Bundle: org.eclipse.core.jobs; bundle-version="[3.10.0,4.0.0)"; visibility:="reexport"
                  -> Bundle-SymbolicName: org.eclipse.core.jobs; bundle-version="3.12.0.v20210723-1034"; singleton:="true"
                Unresolved requirement: Require-Bundle: org.eclipse.equinox.registry; bundle-version="[3.10.0,4.0.0)"; visibility:="reexport"
                  -> Bundle-SymbolicName: org.eclipse.equinox.registry; bundle-version="3.11.0.v20210723-1953"; singleton:="true"
                Unresolved requirement: Require-Bundle: org.eclipse.core.contenttype; bundle-version="[3.7.0,4.0.0)"; visibility:="reexport"
                  -> Bundle-SymbolicName: org.eclipse.core.contenttype; bundle-version="3.8.0.v20210621-0954"; singleton:="true"
                     org.eclipse.core.contenttype [132]
                       Unresolved requirement: Require-Bundle: org.eclipse.equinox.preferences; bundle-version="[3.2.0,4.0.0)"
                         -> Bundle-SymbolicName: org.eclipse.equinox.preferences; bundle-version="3.9.0.v20210726-0943"; singleton:="true"


!ENTRY org.eclipse.datatools.enablement.oda.ws.ui 2 0 2024-09-05 15:33:54.731
!MESSAGE Could not resolve module: org.eclipse.datatools.enablement.oda.ws.ui [206]
  Unresolved requirement: Require-Bundle: org.eclipse.ui
    -> Bundle-SymbolicName: org.eclipse.ui; bundle-version="3.119.100.v20210830-0942"; singleton:="true"
       org.eclipse.ui [783]
         Unresolved requirement: Require-Bundle: org.eclipse.core.runtime; bundle-version="[3.2.0,4.0.0)"
           -> Bundle-SymbolicName: org.eclipse.core.runtime; bundle-version="3.23.0.v20210730-2035"; singleton:="true"
              org.eclipse.core.runtime [147]
                Unresolved requirement: Require-Capability: osgi.ee; filter:="(&(osgi.ee=JavaSE)(version=11))"
                Unresolved requirement: Require-Bundle: org.eclipse.equinox.preferences; bundle-version="[3.7.0,4.0.0)"; visibility:="reexport"
                  -> Bundle-SymbolicName: org.eclipse.equinox.preferences; bundle-version="3.9.0.v20210726-0943"; singleton:="true"
                     org.eclipse.equinox.preferences [403]
                       Unresolved requirement: Require-Bundle: org.eclipse.equinox.common; bundle-version="[3.2.0,4.0.0)"
                         -> Bundle-SymbolicName: org.eclipse.equinox.common; bundle-version="3.15.0.v20210518-0604"; singleton:="true"
                            org.eclipse.equinox.common [360]
                              Unresolved requirement: Require-Capability: osgi.ee; filter:="(&(osgi.ee=JavaSE)(version=11))"
                Unresolved requirement: Require-Bundle: org.eclipse.equinox.app; bundle-version="1.3.0"; visibility:="reexport"
                  -> Bundle-SymbolicName: org.eclipse.equinox.app; bundle-version="1.6.0.v20210723-1130"; singleton:="true"
                     org.eclipse.equinox.app [358]
                       Unresolved requirement: Require-Bundle: org.eclipse.equinox.registry; bundle-version="[3.4.0,4.0.0)"
                         -> Bundle-SymbolicName: org.eclipse.equinox.registry; bundle-version="3.11.0.v20210723-1953"; singleton:="true"
                            org.eclipse.equinox.registry [404]
                              Unresolved requirement: Import-Package: org.eclipse.core.runtime.jobs; resolution:="optional"
                                -> Export-Package: org.eclipse.core.runtime.jobs; bundle-symbolic-name="org.eclipse.core.jobs"; bundle-version="3.12.0.v20210723-1034"; version="0.0.0"
                                   org.eclipse.core.jobs [142]
                                     Unresolved requirement: Require-Bundle: org.eclipse.equinox.common; bundle-version="[3.8.0,4.0.0)"
                                       -> Bundle-SymbolicName: org.eclipse.equinox.common; bundle-version="3.15.0.v20210518-0604"; singleton:="true"
                              Unresolved requirement: Require-Bundle: org.eclipse.equinox.common; bundle-version="[3.14.0,4.0.0)"
                                -> Bundle-SymbolicName: org.eclipse.equinox.common; bundle-version="3.15.0.v20210518-0604"; singleton:="true"
                Unresolved requirement: Require-Bundle: org.eclipse.equinox.common; bundle-version="[3.14.0,4.0.0)"; visibility:="reexport"
                  -> Bundle-SymbolicName: org.eclipse.equinox.common; bundle-version="3.15.0.v20210518-0604"; singleton:="true"
                Unresolved requirement: Require-Bundle: org.eclipse.core.jobs; bundle-version="[3.10.0,4.0.0)"; visibility:="reexport"
                  -> Bundle-SymbolicName: org.eclipse.core.jobs; bundle-version="3.12.0.v20210723-1034"; singleton:="true"
                Unresolved requirement: Require-Bundle: org.eclipse.equinox.registry; bundle-version="[3.10.0,4.0.0)"; visibility:="reexport"
                  -> Bundle-SymbolicName: org.eclipse.equinox.registry; bundle-version="3.11.0.v20210723-1953"; singleton:="true"
                Unresolved requirement: Require-Bundle: org.eclipse.core.contenttype; bundle-version="[3.7.0,4.0.0)"; visibility:="reexport"
                  -> Bundle-SymbolicName: org.eclipse.core.contenttype; bundle-version="3.8.0.v20210621-0954"; singleton:="true"
                     org.eclipse.core.contenttype [132]
                       Unresolved requirement: Require-Bundle: org.eclipse.equinox.preferences; bundle-version="[3.2.0,4.0.0)"
                         -> Bundle-SymbolicName: org.eclipse.equinox.preferences; bundle-version="3.9.0.v20210726-0943"; singleton:="true"


!ENTRY org.eclipse.jst.jsf.apache.trinidad.tagsupport 2 0 2024-09-05 15:33:54.732
!MESSAGE Could not resolve module: org.eclipse.jst.jsf.apache.trinidad.tagsupport [522]
  Unresolved requirement: Require-Bundle: org.eclipse.ui; bundle-version="[3.2.0,4.0.0)"
    -> Bundle-SymbolicName: org.eclipse.ui; bundle-version="3.119.100.v20210830-0942"; singleton:="true"
       org.eclipse.ui [783]
         Unresolved requirement: Require-Bundle: org.eclipse.core.runtime; bundle-version="[3.2.0,4.0.0)"
           -> Bundle-SymbolicName: org.eclipse.core.runtime; bundle-version="3.23.0.v20210730-2035"; singleton:="true"
              org.eclipse.core.runtime [147]
                Unresolved requirement: Require-Capability: osgi.ee; filter:="(&(osgi.ee=JavaSE)(version=11))"
                Unresolved requirement: Require-Bundle: org.eclipse.equinox.preferences; bundle-version="[3.7.0,4.0.0)"; visibility:="reexport"
                  -> Bundle-SymbolicName: org.eclipse.equinox.preferences; bundle-version="3.9.0.v20210726-0943"; singleton:="true"
                     org.eclipse.equinox.preferences [403]
                       Unresolved requirement: Require-Bundle: org.eclipse.equinox.common; bundle-version="[3.2.0,4.0.0)"
                         -> Bundle-SymbolicName: org.eclipse.equinox.common; bundle-version="3.15.0.v20210518-0604"; singleton:="true"
                            org.eclipse.equinox.common [360]
                              Unresolved requirement: Require-Capability: osgi.ee; filter:="(&(osgi.ee=JavaSE)(version=11))"
                Unresolved requirement: Require-Bundle: org.eclipse.equinox.app; bundle-version="1.3.0"; visibility:="reexport"
                  -> Bundle-SymbolicName: org.eclipse.equinox.app; bundle-version="1.6.0.v20210723-1130"; singleton:="true"
                     org.eclipse.equinox.app [358]
                       Unresolved requirement: Require-Bundle: org.eclipse.equinox.registry; bundle-version="[3.4.0,4.0.0)"
                         -> Bundle-SymbolicName: org.eclipse.equinox.registry; bundle-version="3.11.0.v20210723-1953"; singleton:="true"
                            org.eclipse.equinox.registry [404]
                              Unresolved requirement: Import-Package: org.eclipse.core.runtime.jobs; resolution:="optional"
                                -> Export-Package: org.eclipse.core.runtime.jobs; bundle-symbolic-name="org.eclipse.core.jobs"; bundle-version="3.12.0.v20210723-1034"; version="0.0.0"
                                   org.eclipse.core.jobs [142]
                                     Unresolved requirement: Require-Bundle: org.eclipse.equinox.common; bundle-version="[3.8.0,4.0.0)"
                                       -> Bundle-SymbolicName: org.eclipse.equinox.common; bundle-version="3.15.0.v20210518-0604"; singleton:="true"
                              Unresolved requirement: Require-Bundle: org.eclipse.equinox.common; bundle-version="[3.14.0,4.0.0)"
                                -> Bundle-SymbolicName: org.eclipse.equinox.common; bundle-version="3.15.0.v20210518-0604"; singleton:="true"
                Unresolved requirement: Require-Bundle: org.eclipse.equinox.common; bundle-version="[3.14.0,4.0.0)"; visibility:="reexport"
                  -> Bundle-SymbolicName: org.eclipse.equinox.common; bundle-version="3.15.0.v20210518-0604"; singleton:="true"
                Unresolved requirement: Require-Bundle: org.eclipse.core.jobs; bundle-version="[3.10.0,4.0.0)"; visibility:="reexport"
                  -> Bundle-SymbolicName: org.eclipse.core.jobs; bundle-version="3.12.0.v20210723-1034"; singleton:="true"
                Unresolved requirement: Require-Bundle: org.eclipse.equinox.registry; bundle-version="[3.10.0,4.0.0)"; visibility:="reexport"
                  -> Bundle-SymbolicName: org.eclipse.equinox.registry; bundle-version="3.11.0.v20210723-1953"; singleton:="true"
                Unresolved requirement: Require-Bundle: org.eclipse.core.contenttype; bundle-version="[3.7.0,4.0.0)"; visibility:="reexport"
                  -> Bundle-SymbolicName: org.eclipse.core.contenttype; bundle-version="3.8.0.v20210621-0954"; singleton:="true"
                     org.eclipse.core.contenttype [132]
                       Unresolved requirement: Require-Bundle: org.eclipse.equinox.preferences; bundle-version="[3.2.0,4.0.0)"
                         -> Bundle-SymbolicName: org.eclipse.equinox.preferences; bundle-version="3.9.0.v20210726-0943"; singleton:="true"


!ENTRY org.eclipse.wst.xml.xpath.core 2 0 2024-09-05 15:33:54.732
!MESSAGE Could not resolve module: org.eclipse.wst.xml.xpath.core [887]
  Unresolved requirement: Require-Bundle: org.eclipse.wst.xml.core; bundle-version="1.1.0"
    -> Bundle-SymbolicName: org.eclipse.wst.xml.core; bundle-version="1.2.600.v202207121749"; singleton:="true"
       org.eclipse.wst.xml.core [884]
         Unresolved requirement: Require-Bundle: org.eclipse.core.runtime; bundle-version="[3.14.0,4.0.0)"
           -> Bundle-SymbolicName: org.eclipse.core.runtime; bundle-version="3.23.0.v20210730-2035"; singleton:="true"
              org.eclipse.core.runtime [147]
                Unresolved requirement: Require-Capability: osgi.ee; filter:="(&(osgi.ee=JavaSE)(version=11))"
                Unresolved requirement: Require-Bundle: org.eclipse.equinox.preferences; bundle-version="[3.7.0,4.0.0)"; visibility:="reexport"
                  -> Bundle-SymbolicName: org.eclipse.equinox.preferences; bundle-version="3.9.0.v20210726-0943"; singleton:="true"
                     org.eclipse.equinox.preferences [403]
                       Unresolved requirement: Require-Bundle: org.eclipse.equinox.common; bundle-version="[3.2.0,4.0.0)"
                         -> Bundle-SymbolicName: org.eclipse.equinox.common; bundle-version="3.15.0.v20210518-0604"; singleton:="true"
                            org.eclipse.equinox.common [360]
                              Unresolved requirement: Require-Capability: osgi.ee; filter:="(&(osgi.ee=JavaSE)(version=11))"
                Unresolved requirement: Require-Bundle: org.eclipse.equinox.app; bundle-version="1.3.0"; visibility:="reexport"
                  -> Bundle-SymbolicName: org.eclipse.equinox.app; bundle-version="1.6.0.v20210723-1130"; singleton:="true"
                     org.eclipse.equinox.app [358]
                       Unresolved requirement: Require-Bundle: org.eclipse.equinox.registry; bundle-version="[3.4.0,4.0.0)"
                         -> Bundle-SymbolicName: org.eclipse.equinox.registry; bundle-version="3.11.0.v20210723-1953"; singleton:="true"
                            org.eclipse.equinox.registry [404]
                              Unresolved requirement: Import-Package: org.eclipse.core.runtime.jobs; resolution:="optional"
                                -> Export-Package: org.eclipse.core.runtime.jobs; bundle-symbolic-name="org.eclipse.core.jobs"; bundle-version="3.12.0.v20210723-1034"; version="0.0.0"
                                   org.eclipse.core.jobs [142]
                                     Unresolved requirement: Require-Bundle: org.eclipse.equinox.common; bundle-version="[3.8.0,4.0.0)"
                                       -> Bundle-SymbolicName: org.eclipse.equinox.common; bundle-version="3.15.0.v20210518-0604"; singleton:="true"
                              Unresolved requirement: Require-Bundle: org.eclipse.equinox.common; bundle-version="[3.14.0,4.0.0)"
                                -> Bundle-SymbolicName: org.eclipse.equinox.common; bundle-version="3.15.0.v20210518-0604"; singleton:="true"
                Unresolved requirement: Require-Bundle: org.eclipse.equinox.common; bundle-version="[3.14.0,4.0.0)"; visibility:="reexport"
                  -> Bundle-SymbolicName: org.eclipse.equinox.common; bundle-version="3.15.0.v20210518-0604"; singleton:="true"
                Unresolved requirement: Require-Bundle: org.eclipse.core.jobs; bundle-version="[3.10.0,4.0.0)"; visibility:="reexport"
                  -> Bundle-SymbolicName: org.eclipse.core.jobs; bundle-version="3.12.0.v20210723-1034"; singleton:="true"
                Unresolved requirement: Require-Bundle: org.eclipse.equinox.registry; bundle-version="[3.10.0,4.0.0)"; visibility:="reexport"
                  -> Bundle-SymbolicName: org.eclipse.equinox.registry; bundle-version="3.11.0.v20210723-1953"; singleton:="true"
                Unresolved requirement: Require-Bundle: org.eclipse.core.contenttype; bundle-version="[3.7.0,4.0.0)"; visibility:="reexport"
                  -> Bundle-SymbolicName: org.eclipse.core.contenttype; bundle-version="3.8.0.v20210621-0954"; singleton:="true"
                     org.eclipse.core.contenttype [132]
                       Unresolved requirement: Require-Bundle: org.eclipse.equinox.preferences; bundle-version="[3.2.0,4.0.0)"
                         -> Bundle-SymbolicName: org.eclipse.equinox.preferences; bundle-version="3.9.0.v20210726-0943"; singleton:="true"


!ENTRY org.eclipse.jst.j2ee.jca 2 0 2024-09-05 15:33:54.733
!MESSAGE Could not resolve module: org.eclipse.jst.j2ee.jca [510]
  Unresolved requirement: Require-Bundle: org.eclipse.jst.j2ee; bundle-version="[1.1.501,1.3.0)"
    -> Bundle-SymbolicName: org.eclipse.jst.j2ee; bundle-version="1.2.600.v202111210731"; singleton:="true"
       org.eclipse.jst.j2ee [501]
         Unresolved requirement: Require-Bundle: org.eclipse.jem.workbench; bundle-version="[2.0.0,3.0.0)"
           -> Bundle-SymbolicName: org.eclipse.jem.workbench; bundle-version="2.1.0.v202101081429"; singleton:="true"
              org.eclipse.jem.workbench [441]
                Unresolved requirement: Require-Bundle: org.eclipse.jem; bundle-version="[2.0.0,3.0.0)"
                  -> Bundle-SymbolicName: org.eclipse.jem; bundle-version="2.0.600.v201903222024"; singleton:="true"
                     org.eclipse.jem [435]
                       Unresolved requirement: Require-Bundle: org.eclipse.core.runtime; bundle-version="[3.2.0,4.0.0)"
                         -> Bundle-SymbolicName: org.eclipse.core.runtime; bundle-version="3.23.0.v20210730-2035"; singleton:="true"
                            org.eclipse.core.runtime [147]
                              Unresolved requirement: Require-Capability: osgi.ee; filter:="(&(osgi.ee=JavaSE)(version=11))"
                              Unresolved requirement: Require-Bundle: org.eclipse.equinox.preferences; bundle-version="[3.7.0,4.0.0)"; visibility:="reexport"
                                -> Bundle-SymbolicName: org.eclipse.equinox.preferences; bundle-version="3.9.0.v20210726-0943"; singleton:="true"
                                   org.eclipse.equinox.preferences [403]
                                     Unresolved requirement: Require-Bundle: org.eclipse.equinox.common; bundle-version="[3.2.0,4.0.0)"
                                       -> Bundle-SymbolicName: org.eclipse.equinox.common; bundle-version="3.15.0.v20210518-0604"; singleton:="true"
                                          org.eclipse.equinox.common [360]
                                            Unresolved requirement: Require-Capability: osgi.ee; filter:="(&(osgi.ee=JavaSE)(version=11))"
                              Unresolved requirement: Require-Bundle: org.eclipse.equinox.app; bundle-version="1.3.0"; visibility:="reexport"
                                -> Bundle-SymbolicName: org.eclipse.equinox.app; bundle-version="1.6.0.v20210723-1130"; singleton:="true"
                                   org.eclipse.equinox.app [358]
                                     Unresolved requirement: Require-Bundle: org.eclipse.equinox.registry; bundle-version="[3.4.0,4.0.0)"
                                       -> Bundle-SymbolicName: org.eclipse.equinox.registry; bundle-version="3.11.0.v20210723-1953"; singleton:="true"
                                          org.eclipse.equinox.registry [404]
                                            Unresolved requirement: Import-Package: org.eclipse.core.runtime.jobs; resolution:="optional"
                                              -> Export-Package: org.eclipse.core.runtime.jobs; bundle-symbolic-name="org.eclipse.core.jobs"; bundle-version="3.12.0.v20210723-1034"; version="0.0.0"
                                                 org.eclipse.core.jobs [142]
                                                   Unresolved requirement: Require-Bundle: org.eclipse.equinox.common; bundle-version="[3.8.0,4.0.0)"
                                                     -> Bundle-SymbolicName: org.eclipse.equinox.common; bundle-version="3.15.0.v20210518-0604"; singleton:="true"
                                            Unresolved requirement: Require-Bundle: org.eclipse.equinox.common; bundle-version="[3.14.0,4.0.0)"
                                              -> Bundle-SymbolicName: org.eclipse.equinox.common; bundle-version="3.15.0.v20210518-0604"; singleton:="true"
                              Unresolved requirement: Require-Bundle: org.eclipse.equinox.common; bundle-version="[3.14.0,4.0.0)"; visibility:="reexport"
                                -> Bundle-SymbolicName: org.eclipse.equinox.common; bundle-version="3.15.0.v20210518-0604"; singleton:="true"
                              Unresolved requirement: Require-Bundle: org.eclipse.core.jobs; bundle-version="[3.10.0,4.0.0)"; visibility:="reexport"
                                -> Bundle-SymbolicName: org.eclipse.core.jobs; bundle-version="3.12.0.v20210723-1034"; singleton:="true"
                              Unresolved requirement: Require-Bundle: org.eclipse.equinox.registry; bundle-version="[3.10.0,4.0.0)"; visibility:="reexport"
                                -> Bundle-SymbolicName: org.eclipse.equinox.registry; bundle-version="3.11.0.v20210723-1953"; singleton:="true"
                              Unresolved requirement: Require-Bundle: org.eclipse.core.contenttype; bundle-version="[3.7.0,4.0.0)"; visibility:="reexport"
                                -> Bundle-SymbolicName: org.eclipse.core.contenttype; bundle-version="3.8.0.v20210621-0954"; singleton:="true"
                                   org.eclipse.core.contenttype [132]
                                     Unresolved requirement: Require-Bundle: org.eclipse.equinox.preferences; bundle-version="[3.2.0,4.0.0)"
                                       -> Bundle-SymbolicName: org.eclipse.equinox.preferences; bundle-version="3.9.0.v20210726-0943"; singleton:="true"
                       Unresolved requirement: Require-Bundle: org.eclipse.jem.proxy; bundle-version="[2.0.0,3.0.0)"; resolution:="optional"
                         -> Bundle-SymbolicName: org.eclipse.jem.proxy; bundle-version="2.1.0.v202101081429"; singleton:="true"
                            org.eclipse.jem.proxy [439]
                              Unresolved requirement: Require-Bundle: org.eclipse.jdt.launching; bundle-version="[3.2.0,4.0.0)"
                                -> Bundle-SymbolicName: org.eclipse.jdt.launching; bundle-version="3.19.300.v20210815-1119"; singleton:="true"
                                   org.eclipse.jdt.launching [433]
                                     Unresolved requirement: Require-Bundle: org.eclipse.core.resources; bundle-version="[3.14.0,4.0.0)"
                                       -> Bundle-SymbolicName: org.eclipse.core.resources; bundle-version="3.15.100.v20210818-1523"; singleton:="true"
                                          org.eclipse.core.resources [145]
                                            Unresolved requirement: Require-Bundle: org.eclipse.core.runtime; bundle-version="[3.12.0,4.0.0)"
                                              -> Bundle-SymbolicName: org.eclipse.core.runtime; bundle-version="3.23.0.v20210730-2035"; singleton:="true"
                                            Unresolved requirement: Require-Bundle: org.eclipse.core.filesystem; bundle-version="[1.3.0,2.0.0)"
                                              -> Bundle-SymbolicName: org.eclipse.core.filesystem; bundle-version="1.9.100.v20210611-0919"; singleton:="true"
                                                 org.eclipse.core.filesystem [140]
                                                   Unresolved requirement: Require-Bundle: org.eclipse.equinox.common; bundle-version="[3.2.0,4.0.0)"
                                                     -> Bundle-SymbolicName: org.eclipse.equinox.common; bundle-version="3.15.0.v20210518-0604"; singleton:="true"
                                            Unresolved requirement: Require-Bundle: org.eclipse.ant.core; bundle-version="[3.1.0,4.0.0)"; resolution:="optional"
                                              -> Bundle-SymbolicName: org.eclipse.ant.core; bundle-version="3.6.100.v20210731-1643"; singleton:="true"
                                                 org.eclipse.ant.core [118]
                                                   Unresolved requirement: Require-Bundle: org.eclipse.core.variables; bundle-version="[3.1.0,4.0.0)"
                                                     -> Bundle-SymbolicName: org.eclipse.core.variables; bundle-version="3.5.100.v20210721-1355"; singleton:="true"
                                                        org.eclipse.core.variables [148]
                                                          Unresolved requirement: Require-Bundle: org.eclipse.core.runtime; bundle-version="[3.3.0,4.0.0)"
                                                            -> Bundle-SymbolicName: org.eclipse.core.runtime; bundle-version="3.23.0.v20210730-2035"; singleton:="true"
                                                   Unresolved requirement: Require-Bundle: org.eclipse.core.runtime; bundle-version="[3.2.0,4.0.0)"
                                                     -> Bundle-SymbolicName: org.eclipse.core.runtime; bundle-version="3.23.0.v20210730-2035"; singleton:="true"
                                            Unresolved requirement: Require-Bundle: org.eclipse.core.expressions; bundle-version="[3.2.0,4.0.0)"
                                              -> Bundle-SymbolicName: org.eclipse.core.expressions; bundle-version="3.8.0.v20210723-1034"; singleton:="true"
                                                 org.eclipse.core.expressions [137]
                                                   Unresolved requirement: Require-Bundle: org.eclipse.core.runtime; bundle-version="[3.3.0,4.0.0)"
                                                     -> Bundle-SymbolicName: org.eclipse.core.runtime; bundle-version="3.23.0.v20210730-2035"; singleton:="true"


!ENTRY org.eclipse.emf.exporter 2 0 2024-09-05 15:33:54.734
!MESSAGE Could not resolve module: org.eclipse.emf.exporter [338]
  Unresolved requirement: Require-Bundle: org.eclipse.core.runtime; bundle-version="[3.6.0,4.0.0)"
    -> Bundle-SymbolicName: org.eclipse.core.runtime; bundle-version="3.23.0.v20210730-2035"; singleton:="true"
       org.eclipse.core.runtime [147]
         Unresolved requirement: Require-Capability: osgi.ee; filter:="(&(osgi.ee=JavaSE)(version=11))"
         Unresolved requirement: Require-Bundle: org.eclipse.equinox.preferences; bundle-version="[3.7.0,4.0.0)"; visibility:="reexport"
           -> Bundle-SymbolicName: org.eclipse.equinox.preferences; bundle-version="3.9.0.v20210726-0943"; singleton:="true"
              org.eclipse.equinox.preferences [403]
                Unresolved requirement: Require-Bundle: org.eclipse.equinox.common; bundle-version="[3.2.0,4.0.0)"
                  -> Bundle-SymbolicName: org.eclipse.equinox.common; bundle-version="3.15.0.v20210518-0604"; singleton:="true"
                     org.eclipse.equinox.common [360]
                       Unresolved requirement: Require-Capability: osgi.ee; filter:="(&(osgi.ee=JavaSE)(version=11))"
         Unresolved requirement: Require-Bundle: org.eclipse.equinox.app; bundle-version="1.3.0"; visibility:="reexport"
           -> Bundle-SymbolicName: org.eclipse.equinox.app; bundle-version="1.6.0.v20210723-1130"; singleton:="true"
              org.eclipse.equinox.app [358]
                Unresolved requirement: Require-Bundle: org.eclipse.equinox.registry; bundle-version="[3.4.0,4.0.0)"
                  -> Bundle-SymbolicName: org.eclipse.equinox.registry; bundle-version="3.11.0.v20210723-1953"; singleton:="true"
                     org.eclipse.equinox.registry [404]
                       Unresolved requirement: Import-Package: org.eclipse.core.runtime.jobs; resolution:="optional"
                         -> Export-Package: org.eclipse.core.runtime.jobs; bundle-symbolic-name="org.eclipse.core.jobs"; bundle-version="3.12.0.v20210723-1034"; version="0.0.0"
                            org.eclipse.core.jobs [142]
                              Unresolved requirement: Require-Bundle: org.eclipse.equinox.common; bundle-version="[3.8.0,4.0.0)"
                                -> Bundle-SymbolicName: org.eclipse.equinox.common; bundle-version="3.15.0.v20210518-0604"; singleton:="true"
                       Unresolved requirement: Require-Bundle: org.eclipse.equinox.common; bundle-version="[3.14.0,4.0.0)"
                         -> Bundle-SymbolicName: org.eclipse.equinox.common; bundle-version="3.15.0.v20210518-0604"; singleton:="true"
         Unresolved requirement: Require-Bundle: org.eclipse.equinox.common; bundle-version="[3.14.0,4.0.0)"; visibility:="reexport"
           -> Bundle-SymbolicName: org.eclipse.equinox.common; bundle-version="3.15.0.v20210518-0604"; singleton:="true"
         Unresolved requirement: Require-Bundle: org.eclipse.core.jobs; bundle-version="[3.10.0,4.0.0)"; visibility:="reexport"
           -> Bundle-SymbolicName: org.eclipse.core.jobs; bundle-version="3.12.0.v20210723-1034"; singleton:="true"
         Unresolved requirement: Require-Bundle: org.eclipse.equinox.registry; bundle-version="[3.10.0,4.0.0)"; visibility:="reexport"
           -> Bundle-SymbolicName: org.eclipse.equinox.registry; bundle-version="3.11.0.v20210723-1953"; singleton:="true"
         Unresolved requirement: Require-Bundle: org.eclipse.core.contenttype; bundle-version="[3.7.0,4.0.0)"; visibility:="reexport"
           -> Bundle-SymbolicName: org.eclipse.core.contenttype; bundle-version="3.8.0.v20210621-0954"; singleton:="true"
              org.eclipse.core.contenttype [132]
                Unresolved requirement: Require-Bundle: org.eclipse.equinox.preferences; bundle-version="[3.2.0,4.0.0)"
                  -> Bundle-SymbolicName: org.eclipse.equinox.preferences; bundle-version="3.9.0.v20210726-0943"; singleton:="true"


!ENTRY org.springsource.ide.eclipse.commons.gettingstarted 2 0 2024-09-05 15:33:54.734
!MESSAGE Could not resolve module: org.springsource.ide.eclipse.commons.gettingstarted [1015]
  Unresolved requirement: Import-Package: org.eclipse.core.runtime
    -> Export-Package: org.eclipse.core.runtime; bundle-symbolic-name="org.eclipse.core.runtime"; bundle-version="3.23.0.v20210730-2035"; version="3.7.0"
       org.eclipse.core.runtime [147]
         Unresolved requirement: Require-Capability: osgi.ee; filter:="(&(osgi.ee=JavaSE)(version=11))"
         Unresolved requirement: Require-Bundle: org.eclipse.equinox.preferences; bundle-version="[3.7.0,4.0.0)"; visibility:="reexport"
           -> Bundle-SymbolicName: org.eclipse.equinox.preferences; bundle-version="3.9.0.v20210726-0943"; singleton:="true"
              org.eclipse.equinox.preferences [403]
                Unresolved requirement: Require-Bundle: org.eclipse.equinox.common; bundle-version="[3.2.0,4.0.0)"
                  -> Bundle-SymbolicName: org.eclipse.equinox.common; bundle-version="3.15.0.v20210518-0604"; singleton:="true"
                     org.eclipse.equinox.common [360]
                       Unresolved requirement: Require-Capability: osgi.ee; filter:="(&(osgi.ee=JavaSE)(version=11))"
         Unresolved requirement: Require-Bundle: org.eclipse.equinox.app; bundle-version="1.3.0"; visibility:="reexport"
           -> Bundle-SymbolicName: org.eclipse.equinox.app; bundle-version="1.6.0.v20210723-1130"; singleton:="true"
              org.eclipse.equinox.app [358]
                Unresolved requirement: Require-Bundle: org.eclipse.equinox.registry; bundle-version="[3.4.0,4.0.0)"
                  -> Bundle-SymbolicName: org.eclipse.equinox.registry; bundle-version="3.11.0.v20210723-1953"; singleton:="true"
                     org.eclipse.equinox.registry [404]
                       Unresolved requirement: Import-Package: org.eclipse.core.runtime.jobs; resolution:="optional"
                         -> Export-Package: org.eclipse.core.runtime.jobs; bundle-symbolic-name="org.eclipse.core.jobs"; bundle-version="3.12.0.v20210723-1034"; version="0.0.0"
                            org.eclipse.core.jobs [142]
                              Unresolved requirement: Require-Bundle: org.eclipse.equinox.common; bundle-version="[3.8.0,4.0.0)"
                                -> Bundle-SymbolicName: org.eclipse.equinox.common; bundle-version="3.15.0.v20210518-0604"; singleton:="true"
                       Unresolved requirement: Require-Bundle: org.eclipse.equinox.common; bundle-version="[3.14.0,4.0.0)"
                         -> Bundle-SymbolicName: org.eclipse.equinox.common; bundle-version="3.15.0.v20210518-0604"; singleton:="true"
         Unresolved requirement: Require-Bundle: org.eclipse.equinox.common; bundle-version="[3.14.0,4.0.0)"; visibility:="reexport"
           -> Bundle-SymbolicName: org.eclipse.equinox.common; bundle-version="3.15.0.v20210518-0604"; singleton:="true"
         Unresolved requirement: Require-Bundle: org.eclipse.core.jobs; bundle-version="[3.10.0,4.0.0)"; visibility:="reexport"
           -> Bundle-SymbolicName: org.eclipse.core.jobs; bundle-version="3.12.0.v20210723-1034"; singleton:="true"
         Unresolved requirement: Require-Bundle: org.eclipse.equinox.registry; bundle-version="[3.10.0,4.0.0)"; visibility:="reexport"
           -> Bundle-SymbolicName: org.eclipse.equinox.registry; bundle-version="3.11.0.v20210723-1953"; singleton:="true"
         Unresolved requirement: Require-Bundle: org.eclipse.core.contenttype; bundle-version="[3.7.0,4.0.0)"; visibility:="reexport"
           -> Bundle-SymbolicName: org.eclipse.core.contenttype; bundle-version="3.8.0.v20210621-0954"; singleton:="true"
              org.eclipse.core.contenttype [132]
                Unresolved requirement: Require-Bundle: org.eclipse.equinox.preferences; bundle-version="[3.2.0,4.0.0)"
                  -> Bundle-SymbolicName: org.eclipse.equinox.preferences; bundle-version="3.9.0.v20210726-0943"; singleton:="true"


!ENTRY org.eclipse.ecf.provider.filetransfer.httpclient45 2 0 2024-09-05 15:33:54.735
!MESSAGE Could not resolve module: org.eclipse.ecf.provider.filetransfer.httpclient45 [307]
  Unresolved requirement: Import-Package: org.eclipse.core.runtime.jobs
    -> Export-Package: org.eclipse.core.runtime.jobs; bundle-symbolic-name="org.eclipse.core.jobs"; bundle-version="3.12.0.v20210723-1034"; version="0.0.0"
       org.eclipse.core.jobs [142]
         Unresolved requirement: Require-Bundle: org.eclipse.equinox.common; bundle-version="[3.8.0,4.0.0)"
           -> Bundle-SymbolicName: org.eclipse.equinox.common; bundle-version="3.15.0.v20210518-0604"; singleton:="true"
              org.eclipse.equinox.common [360]
                Unresolved requirement: Require-Capability: osgi.ee; filter:="(&(osgi.ee=JavaSE)(version=11))"


!ENTRY org.eclipse.datatools.enablement.sybase.asa.schemaobjecteditor.examples 2 0 2024-09-05 15:33:54.736
!MESSAGE Could not resolve module: org.eclipse.datatools.enablement.sybase.asa.schemaobjecteditor.examples [225]
  Unresolved requirement: Require-Bundle: org.eclipse.core.runtime
    -> Bundle-SymbolicName: org.eclipse.core.runtime; bundle-version="3.23.0.v20210730-2035"; singleton:="true"
       org.eclipse.core.runtime [147]
         Unresolved requirement: Require-Capability: osgi.ee; filter:="(&(osgi.ee=JavaSE)(version=11))"
         Unresolved requirement: Require-Bundle: org.eclipse.equinox.preferences; bundle-version="[3.7.0,4.0.0)"; visibility:="reexport"
           -> Bundle-SymbolicName: org.eclipse.equinox.preferences; bundle-version="3.9.0.v20210726-0943"; singleton:="true"
              org.eclipse.equinox.preferences [403]
                Unresolved requirement: Require-Bundle: org.eclipse.equinox.common; bundle-version="[3.2.0,4.0.0)"
                  -> Bundle-SymbolicName: org.eclipse.equinox.common; bundle-version="3.15.0.v20210518-0604"; singleton:="true"
                     org.eclipse.equinox.common [360]
                       Unresolved requirement: Require-Capability: osgi.ee; filter:="(&(osgi.ee=JavaSE)(version=11))"
         Unresolved requirement: Require-Bundle: org.eclipse.equinox.app; bundle-version="1.3.0"; visibility:="reexport"
           -> Bundle-SymbolicName: org.eclipse.equinox.app; bundle-version="1.6.0.v20210723-1130"; singleton:="true"
              org.eclipse.equinox.app [358]
                Unresolved requirement: Require-Bundle: org.eclipse.equinox.registry; bundle-version="[3.4.0,4.0.0)"
                  -> Bundle-SymbolicName: org.eclipse.equinox.registry; bundle-version="3.11.0.v20210723-1953"; singleton:="true"
                     org.eclipse.equinox.registry [404]
                       Unresolved requirement: Import-Package: org.eclipse.core.runtime.jobs; resolution:="optional"
                         -> Export-Package: org.eclipse.core.runtime.jobs; bundle-symbolic-name="org.eclipse.core.jobs"; bundle-version="3.12.0.v20210723-1034"; version="0.0.0"
                            org.eclipse.core.jobs [142]
                              Unresolved requirement: Require-Bundle: org.eclipse.equinox.common; bundle-version="[3.8.0,4.0.0)"
                                -> Bundle-SymbolicName: org.eclipse.equinox.common; bundle-version="3.15.0.v20210518-0604"; singleton:="true"
                       Unresolved requirement: Require-Bundle: org.eclipse.equinox.common; bundle-version="[3.14.0,4.0.0)"
                         -> Bundle-SymbolicName: org.eclipse.equinox.common; bundle-version="3.15.0.v20210518-0604"; singleton:="true"
         Unresolved requirement: Require-Bundle: org.eclipse.equinox.common; bundle-version="[3.14.0,4.0.0)"; visibility:="reexport"
           -> Bundle-SymbolicName: org.eclipse.equinox.common; bundle-version="3.15.0.v20210518-0604"; singleton:="true"
         Unresolved requirement: Require-Bundle: org.eclipse.core.jobs; bundle-version="[3.10.0,4.0.0)"; visibility:="reexport"
           -> Bundle-SymbolicName: org.eclipse.core.jobs; bundle-version="3.12.0.v20210723-1034"; singleton:="true"
         Unresolved requirement: Require-Bundle: org.eclipse.equinox.registry; bundle-version="[3.10.0,4.0.0)"; visibility:="reexport"
           -> Bundle-SymbolicName: org.eclipse.equinox.registry; bundle-version="3.11.0.v20210723-1953"; singleton:="true"
         Unresolved requirement: Require-Bundle: org.eclipse.core.contenttype; bundle-version="[3.7.0,4.0.0)"; visibility:="reexport"
           -> Bundle-SymbolicName: org.eclipse.core.contenttype; bundle-version="3.8.0.v20210621-0954"; singleton:="true"
              org.eclipse.core.contenttype [132]
                Unresolved requirement: Require-Bundle: org.eclipse.equinox.preferences; bundle-version="[3.2.0,4.0.0)"
                  -> Bundle-SymbolicName: org.eclipse.equinox.preferences; bundle-version="3.9.0.v20210726-0943"; singleton:="true"


!ENTRY org.eclipse.wst.xsl.jaxp.debug.ui 2 0 2024-09-05 15:33:54.736
!MESSAGE Could not resolve module: org.eclipse.wst.xsl.jaxp.debug.ui [904]
  Unresolved requirement: Require-Bundle: org.eclipse.ui; bundle-version="[3.109.0,4.0.0)"
    -> Bundle-SymbolicName: org.eclipse.ui; bundle-version="3.119.100.v20210830-0942"; singleton:="true"
       org.eclipse.ui [783]
         Unresolved requirement: Require-Bundle: org.eclipse.core.runtime; bundle-version="[3.2.0,4.0.0)"
           -> Bundle-SymbolicName: org.eclipse.core.runtime; bundle-version="3.23.0.v20210730-2035"; singleton:="true"
              org.eclipse.core.runtime [147]
                Unresolved requirement: Require-Capability: osgi.ee; filter:="(&(osgi.ee=JavaSE)(version=11))"
                Unresolved requirement: Require-Bundle: org.eclipse.equinox.preferences; bundle-version="[3.7.0,4.0.0)"; visibility:="reexport"
                  -> Bundle-SymbolicName: org.eclipse.equinox.preferences; bundle-version="3.9.0.v20210726-0943"; singleton:="true"
                     org.eclipse.equinox.preferences [403]
                       Unresolved requirement: Require-Bundle: org.eclipse.equinox.common; bundle-version="[3.2.0,4.0.0)"
                         -> Bundle-SymbolicName: org.eclipse.equinox.common; bundle-version="3.15.0.v20210518-0604"; singleton:="true"
                            org.eclipse.equinox.common [360]
                              Unresolved requirement: Require-Capability: osgi.ee; filter:="(&(osgi.ee=JavaSE)(version=11))"
                Unresolved requirement: Require-Bundle: org.eclipse.equinox.app; bundle-version="1.3.0"; visibility:="reexport"
                  -> Bundle-SymbolicName: org.eclipse.equinox.app; bundle-version="1.6.0.v20210723-1130"; singleton:="true"
                     org.eclipse.equinox.app [358]
                       Unresolved requirement: Require-Bundle: org.eclipse.equinox.registry; bundle-version="[3.4.0,4.0.0)"
                         -> Bundle-SymbolicName: org.eclipse.equinox.registry; bundle-version="3.11.0.v20210723-1953"; singleton:="true"
                            org.eclipse.equinox.registry [404]
                              Unresolved requirement: Import-Package: org.eclipse.core.runtime.jobs; resolution:="optional"
                                -> Export-Package: org.eclipse.core.runtime.jobs; bundle-symbolic-name="org.eclipse.core.jobs"; bundle-version="3.12.0.v20210723-1034"; version="0.0.0"
                                   org.eclipse.core.jobs [142]
                                     Unresolved requirement: Require-Bundle: org.eclipse.equinox.common; bundle-version="[3.8.0,4.0.0)"
                                       -> Bundle-SymbolicName: org.eclipse.equinox.common; bundle-version="3.15.0.v20210518-0604"; singleton:="true"
                              Unresolved requirement: Require-Bundle: org.eclipse.equinox.common; bundle-version="[3.14.0,4.0.0)"
                                -> Bundle-SymbolicName: org.eclipse.equinox.common; bundle-version="3.15.0.v20210518-0604"; singleton:="true"
                Unresolved requirement: Require-Bundle: org.eclipse.equinox.common; bundle-version="[3.14.0,4.0.0)"; visibility:="reexport"
                  -> Bundle-SymbolicName: org.eclipse.equinox.common; bundle-version="3.15.0.v20210518-0604"; singleton:="true"
                Unresolved requirement: Require-Bundle: org.eclipse.core.jobs; bundle-version="[3.10.0,4.0.0)"; visibility:="reexport"
                  -> Bundle-SymbolicName: org.eclipse.core.jobs; bundle-version="3.12.0.v20210723-1034"; singleton:="true"
                Unresolved requirement: Require-Bundle: org.eclipse.equinox.registry; bundle-version="[3.10.0,4.0.0)"; visibility:="reexport"
                  -> Bundle-SymbolicName: org.eclipse.equinox.registry; bundle-version="3.11.0.v20210723-1953"; singleton:="true"
                Unresolved requirement: Require-Bundle: org.eclipse.core.contenttype; bundle-version="[3.7.0,4.0.0)"; visibility:="reexport"
                  -> Bundle-SymbolicName: org.eclipse.core.contenttype; bundle-version="3.8.0.v20210621-0954"; singleton:="true"
                     org.eclipse.core.contenttype [132]
                       Unresolved requirement: Require-Bundle: org.eclipse.equinox.preferences; bundle-version="[3.2.0,4.0.0)"
                         -> Bundle-SymbolicName: org.eclipse.equinox.preferences; bundle-version="3.9.0.v20210726-0943"; singleton:="true"


!ENTRY org.eclipse.e4.ui.di 2 0 2024-09-05 15:33:54.737
!MESSAGE Could not resolve module: org.eclipse.e4.ui.di [291]
  Unresolved requirement: Import-Package: org.eclipse.e4.core.contexts; version="1.6.0"
    -> Export-Package: org.eclipse.e4.core.contexts; bundle-symbolic-name="org.eclipse.e4.core.contexts"; bundle-version="1.9.0.v20210723-1034"; version="1.7.0"
       org.eclipse.e4.core.contexts [280]
         Unresolved requirement: Require-Capability: osgi.ee; filter:="(&(osgi.ee=JavaSE)(version=11))"
         Unresolved requirement: Require-Bundle: org.eclipse.e4.core.di
           -> Bundle-SymbolicName: org.eclipse.e4.core.di; bundle-version="1.8.0.v20210723-1034"
              org.eclipse.e4.core.di [281]
                Unresolved requirement: Require-Capability: osgi.ee; filter:="(&(osgi.ee=JavaSE)(version=11))"
                Unresolved requirement: Require-Bundle: org.eclipse.e4.core.di.annotations; bundle-version="[1.4.0,2.0.0)"; visibility:="reexport"
                  -> Bundle-SymbolicName: org.eclipse.e4.core.di.annotations; bundle-version="1.7.0.v20210625-1052"
                     org.eclipse.e4.core.di.annotations [282]
                       Unresolved requirement: Require-Capability: osgi.ee; filter:="(&(osgi.ee=JavaSE)(version=11))"


!ENTRY org.eclipse.zest.layouts 2 0 2024-09-05 15:33:54.737
!MESSAGE Could not resolve module: org.eclipse.zest.layouts [920]
  Unresolved requirement: Require-Bundle: org.eclipse.swt; bundle-version="[3.4.0,4.0.0)"; visibility:="reexport"
    -> Bundle-SymbolicName: org.eclipse.swt; bundle-version="3.117.0.v20210906-0842"; singleton:="true"
       org.eclipse.swt [760]
         Unresolved requirement: Require-Capability: osgi.ee; filter:="(&(osgi.ee=JavaSE)(version=11))"


!ENTRY javax.activation 2 0 2024-09-05 15:33:54.737
!MESSAGE Could not resolve module: javax.activation [41]
  Unresolved requirement: Require-Capability: osgi.ee; filter:="(&(osgi.ee=JavaSE)(version=9.0))"


!ENTRY org.eclipse.emf.codegen.ecore 2 0 2024-09-05 15:33:54.738
!MESSAGE Could not resolve module: org.eclipse.emf.codegen.ecore [322]
  Unresolved requirement: Require-Bundle: org.eclipse.core.runtime; bundle-version="[3.6.0,4.0.0)"
    -> Bundle-SymbolicName: org.eclipse.core.runtime; bundle-version="3.23.0.v20210730-2035"; singleton:="true"
       org.eclipse.core.runtime [147]
         Unresolved requirement: Require-Capability: osgi.ee; filter:="(&(osgi.ee=JavaSE)(version=11))"
         Unresolved requirement: Require-Bundle: org.eclipse.equinox.preferences; bundle-version="[3.7.0,4.0.0)"; visibility:="reexport"
           -> Bundle-SymbolicName: org.eclipse.equinox.preferences; bundle-version="3.9.0.v20210726-0943"; singleton:="true"
              org.eclipse.equinox.preferences [403]
                Unresolved requirement: Require-Bundle: org.eclipse.equinox.common; bundle-version="[3.2.0,4.0.0)"
                  -> Bundle-SymbolicName: org.eclipse.equinox.common; bundle-version="3.15.0.v20210518-0604"; singleton:="true"
                     org.eclipse.equinox.common [360]
                       Unresolved requirement: Require-Capability: osgi.ee; filter:="(&(osgi.ee=JavaSE)(version=11))"
         Unresolved requirement: Require-Bundle: org.eclipse.equinox.app; bundle-version="1.3.0"; visibility:="reexport"
           -> Bundle-SymbolicName: org.eclipse.equinox.app; bundle-version="1.6.0.v20210723-1130"; singleton:="true"
              org.eclipse.equinox.app [358]
                Unresolved requirement: Require-Bundle: org.eclipse.equinox.registry; bundle-version="[3.4.0,4.0.0)"
                  -> Bundle-SymbolicName: org.eclipse.equinox.registry; bundle-version="3.11.0.v20210723-1953"; singleton:="true"
                     org.eclipse.equinox.registry [404]
                       Unresolved requirement: Import-Package: org.eclipse.core.runtime.jobs; resolution:="optional"
                         -> Export-Package: org.eclipse.core.runtime.jobs; bundle-symbolic-name="org.eclipse.core.jobs"; bundle-version="3.12.0.v20210723-1034"; version="0.0.0"
                            org.eclipse.core.jobs [142]
                              Unresolved requirement: Require-Bundle: org.eclipse.equinox.common; bundle-version="[3.8.0,4.0.0)"
                                -> Bundle-SymbolicName: org.eclipse.equinox.common; bundle-version="3.15.0.v20210518-0604"; singleton:="true"
                       Unresolved requirement: Require-Bundle: org.eclipse.equinox.common; bundle-version="[3.14.0,4.0.0)"
                         -> Bundle-SymbolicName: org.eclipse.equinox.common; bundle-version="3.15.0.v20210518-0604"; singleton:="true"
         Unresolved requirement: Require-Bundle: org.eclipse.equinox.common; bundle-version="[3.14.0,4.0.0)"; visibility:="reexport"
           -> Bundle-SymbolicName: org.eclipse.equinox.common; bundle-version="3.15.0.v20210518-0604"; singleton:="true"
         Unresolved requirement: Require-Bundle: org.eclipse.core.jobs; bundle-version="[3.10.0,4.0.0)"; visibility:="reexport"
           -> Bundle-SymbolicName: org.eclipse.core.jobs; bundle-version="3.12.0.v20210723-1034"; singleton:="true"
         Unresolved requirement: Require-Bundle: org.eclipse.equinox.registry; bundle-version="[3.10.0,4.0.0)"; visibility:="reexport"
           -> Bundle-SymbolicName: org.eclipse.equinox.registry; bundle-version="3.11.0.v20210723-1953"; singleton:="true"
         Unresolved requirement: Require-Bundle: org.eclipse.core.contenttype; bundle-version="[3.7.0,4.0.0)"; visibility:="reexport"
           -> Bundle-SymbolicName: org.eclipse.core.contenttype; bundle-version="3.8.0.v20210621-0954"; singleton:="true"
              org.eclipse.core.contenttype [132]
                Unresolved requirement: Require-Bundle: org.eclipse.equinox.preferences; bundle-version="[3.2.0,4.0.0)"
                  -> Bundle-SymbolicName: org.eclipse.equinox.preferences; bundle-version="3.9.0.v20210726-0943"; singleton:="true"


!ENTRY org.eclipse.osgi 4 0 2024-09-05 15:33:54.753
!MESSAGE Application error
!STACK 1
java.lang.IllegalStateException: Unable to acquire application service. Ensure that the org.eclipse.core.runtime bundle is resolved and started (see config.ini).
	at org.eclipse.core.runtime.internal.adaptor.EclipseAppLauncher.start(EclipseAppLauncher.java:81)
	at org.eclipse.core.runtime.adaptor.EclipseStarter.run(EclipseStarter.java:401)
	at org.eclipse.core.runtime.adaptor.EclipseStarter.run(EclipseStarter.java:255)
	at sun.reflect.NativeMethodAccessorImpl.invoke0(Native Method)
	at sun.reflect.NativeMethodAccessorImpl.invoke(NativeMethodAccessorImpl.java:62)
	at sun.reflect.DelegatingMethodAccessorImpl.invoke(DelegatingMethodAccessorImpl.java:43)
	at java.lang.reflect.Method.invoke(Method.java:498)
	at org.eclipse.equinox.launcher.Main.invokeFramework(Main.java:659)
	at org.eclipse.equinox.launcher.Main.basicRun(Main.java:596)
	at org.eclipse.equinox.launcher.Main.run(Main.java:1467)
	at org.eclipse.equinox.launcher.Main.main(Main.java:1440)
